ARM GAS  /tmp/ccVWSpIc.s 			page 1


   1              		.cpu cortex-m4
   2              		.eabi_attribute 27, 1
   3              		.eabi_attribute 28, 1
   4              		.eabi_attribute 20, 1
   5              		.eabi_attribute 21, 1
   6              		.eabi_attribute 23, 3
   7              		.eabi_attribute 24, 1
   8              		.eabi_attribute 25, 1
   9              		.eabi_attribute 26, 1
  10              		.eabi_attribute 30, 1
  11              		.eabi_attribute 34, 1
  12              		.eabi_attribute 18, 4
  13              		.file	"led.c"
  14              		.text
  15              	.Ltext0:
  16              		.cfi_sections	.debug_frame
  17              		.section	.text.LED_Init,"ax",%progbits
  18              		.align	1
  19              		.global	LED_Init
  20              		.syntax unified
  21              		.thumb
  22              		.thumb_func
  23              		.fpu fpv4-sp-d16
  25              	LED_Init:
  26              	.LFB112:
  27              		.file 1 "./HARDWARE/LED/led.c"
   1:./HARDWARE/LED/led.c **** #include "led.h" 
   2:./HARDWARE/LED/led.c **** //////////////////////////////////////////////////////////////////////////////////	 
   3:./HARDWARE/LED/led.c **** //STM32F4工程模板-库函数版本
   4:./HARDWARE/LED/led.c **** //淘宝店铺：http://mcudev.taobao.com							  
   5:./HARDWARE/LED/led.c **** ////////////////////////////////////////////////////////////////////////////////// 	 
   6:./HARDWARE/LED/led.c **** 
   7:./HARDWARE/LED/led.c **** //初始化PA6和PA7为输出口.并使能这两个口的时钟		    
   8:./HARDWARE/LED/led.c **** //LED IO初始化
   9:./HARDWARE/LED/led.c **** void LED_Init(void)
  10:./HARDWARE/LED/led.c **** {    	 
  28              		.loc 1 10 0
  29              		.cfi_startproc
  30              		@ args = 0, pretend = 0, frame = 8
  31              		@ frame_needed = 0, uses_anonymous_args = 0
  32 0000 30B5     		push	{r4, r5, lr}
  33              	.LCFI0:
  34              		.cfi_def_cfa_offset 12
  35              		.cfi_offset 4, -12
  36              		.cfi_offset 5, -8
  37              		.cfi_offset 14, -4
  38 0002 83B0     		sub	sp, sp, #12
  39              	.LCFI1:
  40              		.cfi_def_cfa_offset 24
  11:./HARDWARE/LED/led.c ****   GPIO_InitTypeDef  GPIO_InitStructure;
  12:./HARDWARE/LED/led.c **** 
  13:./HARDWARE/LED/led.c ****   RCC_AHB1PeriphClockCmd(RCC_AHB1Periph_GPIOA, ENABLE);//使能GPIOA时钟
  41              		.loc 1 13 0
  42 0004 0121     		movs	r1, #1
  43 0006 0846     		mov	r0, r1
  44 0008 FFF7FEFF 		bl	RCC_AHB1PeriphClockCmd
  45              	.LVL0:
ARM GAS  /tmp/ccVWSpIc.s 			page 2


  14:./HARDWARE/LED/led.c **** 
  15:./HARDWARE/LED/led.c ****   //GPIOF9,F10初始化设置
  16:./HARDWARE/LED/led.c ****   GPIO_InitStructure.GPIO_Pin = GPIO_Pin_6 | GPIO_Pin_7;//LED0和LED1对应IO口
  46              		.loc 1 16 0
  47 000c C025     		movs	r5, #192
  48 000e 0095     		str	r5, [sp]
  17:./HARDWARE/LED/led.c ****   GPIO_InitStructure.GPIO_Mode = GPIO_Mode_OUT;//普通输出模式
  49              		.loc 1 17 0
  50 0010 0123     		movs	r3, #1
  51 0012 8DF80430 		strb	r3, [sp, #4]
  18:./HARDWARE/LED/led.c ****   GPIO_InitStructure.GPIO_OType = GPIO_OType_PP;//推挽输出
  52              		.loc 1 18 0
  53 0016 0022     		movs	r2, #0
  54 0018 8DF80620 		strb	r2, [sp, #6]
  19:./HARDWARE/LED/led.c ****   GPIO_InitStructure.GPIO_Speed = GPIO_Speed_100MHz;//100MHz
  55              		.loc 1 19 0
  56 001c 0322     		movs	r2, #3
  57 001e 8DF80520 		strb	r2, [sp, #5]
  20:./HARDWARE/LED/led.c ****   GPIO_InitStructure.GPIO_PuPd = GPIO_PuPd_UP;//上拉
  58              		.loc 1 20 0
  59 0022 8DF80730 		strb	r3, [sp, #7]
  21:./HARDWARE/LED/led.c ****   GPIO_Init(GPIOA, &GPIO_InitStructure);//初始化GPIO
  60              		.loc 1 21 0
  61 0026 054C     		ldr	r4, .L3
  62 0028 6946     		mov	r1, sp
  63 002a 2046     		mov	r0, r4
  64 002c FFF7FEFF 		bl	GPIO_Init
  65              	.LVL1:
  22:./HARDWARE/LED/led.c **** 	
  23:./HARDWARE/LED/led.c **** 	GPIO_SetBits(GPIOA,GPIO_Pin_6 | GPIO_Pin_7);//设置高，灯灭
  66              		.loc 1 23 0
  67 0030 2946     		mov	r1, r5
  68 0032 2046     		mov	r0, r4
  69 0034 FFF7FEFF 		bl	GPIO_SetBits
  70              	.LVL2:
  24:./HARDWARE/LED/led.c **** 
  25:./HARDWARE/LED/led.c **** }
  71              		.loc 1 25 0
  72 0038 03B0     		add	sp, sp, #12
  73              	.LCFI2:
  74              		.cfi_def_cfa_offset 12
  75              		@ sp needed
  76 003a 30BD     		pop	{r4, r5, pc}
  77              	.L4:
  78              		.align	2
  79              	.L3:
  80 003c 00000240 		.word	1073872896
  81              		.cfi_endproc
  82              	.LFE112:
  84              		.text
  85              	.Letext0:
  86              		.file 2 "/usr/arm-none-eabi/include/machine/_default_types.h"
  87              		.file 3 "/usr/arm-none-eabi/include/sys/_stdint.h"
  88              		.file 4 "build/lnInclude/core_cm4.h"
  89              		.file 5 "build/lnInclude/system_stm32f4xx.h"
  90              		.file 6 "build/lnInclude/stm32f4xx.h"
  91              		.file 7 "build/lnInclude/stm32f4xx_gpio.h"
ARM GAS  /tmp/ccVWSpIc.s 			page 3


  92              		.file 8 "build/lnInclude/stm32f4xx_rcc.h"
ARM GAS  /tmp/ccVWSpIc.s 			page 4


DEFINED SYMBOLS
                            *ABS*:0000000000000000 led.c
     /tmp/ccVWSpIc.s:18     .text.LED_Init:0000000000000000 $t
     /tmp/ccVWSpIc.s:25     .text.LED_Init:0000000000000000 LED_Init
     /tmp/ccVWSpIc.s:80     .text.LED_Init:000000000000003c $d

UNDEFINED SYMBOLS
RCC_AHB1PeriphClockCmd
GPIO_Init
GPIO_SetBits
