ARM GAS  /tmp/cceS2hxs.s 			page 1


   1              		.cpu cortex-m4
   2              		.eabi_attribute 27, 1
   3              		.eabi_attribute 28, 1
   4              		.eabi_attribute 20, 1
   5              		.eabi_attribute 21, 1
   6              		.eabi_attribute 23, 3
   7              		.eabi_attribute 24, 1
   8              		.eabi_attribute 25, 1
   9              		.eabi_attribute 26, 1
  10              		.eabi_attribute 30, 1
  11              		.eabi_attribute 34, 1
  12              		.eabi_attribute 18, 4
  13              		.file	"stm32f4xx_it.c"
  14              		.text
  15              	.Ltext0:
  16              		.cfi_sections	.debug_frame
  17              		.section	.text.NMI_Handler,"ax",%progbits
  18              		.align	1
  19              		.global	NMI_Handler
  20              		.syntax unified
  21              		.thumb
  22              		.thumb_func
  23              		.fpu fpv4-sp-d16
  25              	NMI_Handler:
  26              	.LFB112:
  27              		.file 1 "./USER/stm32f4xx_it.c"
   1:./USER/stm32f4xx_it.c **** /**
   2:./USER/stm32f4xx_it.c ****   ******************************************************************************
   3:./USER/stm32f4xx_it.c ****   * @file    Project/STM32F4xx_StdPeriph_Templates/stm32f4xx_it.c 
   4:./USER/stm32f4xx_it.c ****   * @author  MCD Application Team
   5:./USER/stm32f4xx_it.c ****   * @version V1.4.0
   6:./USER/stm32f4xx_it.c ****   * @date    04-August-2014
   7:./USER/stm32f4xx_it.c ****   * @brief   Main Interrupt Service Routines.
   8:./USER/stm32f4xx_it.c ****   *          This file provides template for all exceptions handler and 
   9:./USER/stm32f4xx_it.c ****   *          peripherals interrupt service routine.
  10:./USER/stm32f4xx_it.c ****   ******************************************************************************
  11:./USER/stm32f4xx_it.c ****   * @attention
  12:./USER/stm32f4xx_it.c ****   *
  13:./USER/stm32f4xx_it.c ****   * <h2><center>&copy; COPYRIGHT 2014 STMicroelectronics</center></h2>
  14:./USER/stm32f4xx_it.c ****   *
  15:./USER/stm32f4xx_it.c ****   * Licensed under MCD-ST Liberty SW License Agreement V2, (the "License");
  16:./USER/stm32f4xx_it.c ****   * You may not use this file except in compliance with the License.
  17:./USER/stm32f4xx_it.c ****   * You may obtain a copy of the License at:
  18:./USER/stm32f4xx_it.c ****   *
  19:./USER/stm32f4xx_it.c ****   *        http://www.st.com/software_license_agreement_liberty_v2
  20:./USER/stm32f4xx_it.c ****   *
  21:./USER/stm32f4xx_it.c ****   * Unless required by applicable law or agreed to in writing, software 
  22:./USER/stm32f4xx_it.c ****   * distributed under the License is distributed on an "AS IS" BASIS, 
  23:./USER/stm32f4xx_it.c ****   * WITHOUT WARRANTIES OR CONDITIONS OF ANY KIND, either express or implied.
  24:./USER/stm32f4xx_it.c ****   * See the License for the specific language governing permissions and
  25:./USER/stm32f4xx_it.c ****   * limitations under the License.
  26:./USER/stm32f4xx_it.c ****   *
  27:./USER/stm32f4xx_it.c ****   ******************************************************************************
  28:./USER/stm32f4xx_it.c ****   */
  29:./USER/stm32f4xx_it.c **** 
  30:./USER/stm32f4xx_it.c **** /* Includes ------------------------------------------------------------------*/
  31:./USER/stm32f4xx_it.c **** #include "stm32f4xx_it.h"
ARM GAS  /tmp/cceS2hxs.s 			page 2


  32:./USER/stm32f4xx_it.c ****  
  33:./USER/stm32f4xx_it.c **** 
  34:./USER/stm32f4xx_it.c **** /** @addtogroup Template_Project
  35:./USER/stm32f4xx_it.c ****   * @{
  36:./USER/stm32f4xx_it.c ****   */
  37:./USER/stm32f4xx_it.c **** 
  38:./USER/stm32f4xx_it.c **** /* Private typedef -----------------------------------------------------------*/
  39:./USER/stm32f4xx_it.c **** /* Private define ------------------------------------------------------------*/
  40:./USER/stm32f4xx_it.c **** /* Private macro -------------------------------------------------------------*/
  41:./USER/stm32f4xx_it.c **** /* Private variables ---------------------------------------------------------*/
  42:./USER/stm32f4xx_it.c **** /* Private function prototypes -----------------------------------------------*/
  43:./USER/stm32f4xx_it.c **** /* Private functions ---------------------------------------------------------*/
  44:./USER/stm32f4xx_it.c **** 
  45:./USER/stm32f4xx_it.c **** /******************************************************************************/
  46:./USER/stm32f4xx_it.c **** /*            Cortex-M4 Processor Exceptions Handlers                         */
  47:./USER/stm32f4xx_it.c **** /******************************************************************************/
  48:./USER/stm32f4xx_it.c **** 
  49:./USER/stm32f4xx_it.c **** /**
  50:./USER/stm32f4xx_it.c ****   * @brief  This function handles NMI exception.
  51:./USER/stm32f4xx_it.c ****   * @param  None
  52:./USER/stm32f4xx_it.c ****   * @retval None
  53:./USER/stm32f4xx_it.c ****   */
  54:./USER/stm32f4xx_it.c **** void NMI_Handler(void)
  55:./USER/stm32f4xx_it.c **** {
  28              		.loc 1 55 0
  29              		.cfi_startproc
  30              		@ args = 0, pretend = 0, frame = 0
  31              		@ frame_needed = 0, uses_anonymous_args = 0
  32              		@ link register save eliminated.
  56:./USER/stm32f4xx_it.c **** }
  33              		.loc 1 56 0
  34 0000 7047     		bx	lr
  35              		.cfi_endproc
  36              	.LFE112:
  38              		.section	.text.HardFault_Handler,"ax",%progbits
  39              		.align	1
  40              		.global	HardFault_Handler
  41              		.syntax unified
  42              		.thumb
  43              		.thumb_func
  44              		.fpu fpv4-sp-d16
  46              	HardFault_Handler:
  47              	.LFB113:
  57:./USER/stm32f4xx_it.c **** 
  58:./USER/stm32f4xx_it.c **** /**
  59:./USER/stm32f4xx_it.c ****   * @brief  This function handles Hard Fault exception.
  60:./USER/stm32f4xx_it.c ****   * @param  None
  61:./USER/stm32f4xx_it.c ****   * @retval None
  62:./USER/stm32f4xx_it.c ****   */
  63:./USER/stm32f4xx_it.c **** void HardFault_Handler(void)
  64:./USER/stm32f4xx_it.c **** {
  48              		.loc 1 64 0
  49              		.cfi_startproc
  50              		@ Volatile: function does not return.
  51              		@ args = 0, pretend = 0, frame = 0
  52              		@ frame_needed = 0, uses_anonymous_args = 0
  53              		@ link register save eliminated.
ARM GAS  /tmp/cceS2hxs.s 			page 3


  54              	.L3:
  55 0000 FEE7     		b	.L3
  56              		.cfi_endproc
  57              	.LFE113:
  59              		.section	.text.MemManage_Handler,"ax",%progbits
  60              		.align	1
  61              		.global	MemManage_Handler
  62              		.syntax unified
  63              		.thumb
  64              		.thumb_func
  65              		.fpu fpv4-sp-d16
  67              	MemManage_Handler:
  68              	.LFB114:
  65:./USER/stm32f4xx_it.c ****   /* Go to infinite loop when Hard Fault exception occurs */
  66:./USER/stm32f4xx_it.c ****   while (1)
  67:./USER/stm32f4xx_it.c ****   {
  68:./USER/stm32f4xx_it.c ****   }
  69:./USER/stm32f4xx_it.c **** }
  70:./USER/stm32f4xx_it.c **** 
  71:./USER/stm32f4xx_it.c **** /**
  72:./USER/stm32f4xx_it.c ****   * @brief  This function handles Memory Manage exception.
  73:./USER/stm32f4xx_it.c ****   * @param  None
  74:./USER/stm32f4xx_it.c ****   * @retval None
  75:./USER/stm32f4xx_it.c ****   */
  76:./USER/stm32f4xx_it.c **** void MemManage_Handler(void)
  77:./USER/stm32f4xx_it.c **** {
  69              		.loc 1 77 0
  70              		.cfi_startproc
  71              		@ Volatile: function does not return.
  72              		@ args = 0, pretend = 0, frame = 0
  73              		@ frame_needed = 0, uses_anonymous_args = 0
  74              		@ link register save eliminated.
  75              	.L5:
  76 0000 FEE7     		b	.L5
  77              		.cfi_endproc
  78              	.LFE114:
  80              		.section	.text.BusFault_Handler,"ax",%progbits
  81              		.align	1
  82              		.global	BusFault_Handler
  83              		.syntax unified
  84              		.thumb
  85              		.thumb_func
  86              		.fpu fpv4-sp-d16
  88              	BusFault_Handler:
  89              	.LFB115:
  78:./USER/stm32f4xx_it.c ****   /* Go to infinite loop when Memory Manage exception occurs */
  79:./USER/stm32f4xx_it.c ****   while (1)
  80:./USER/stm32f4xx_it.c ****   {
  81:./USER/stm32f4xx_it.c ****   }
  82:./USER/stm32f4xx_it.c **** }
  83:./USER/stm32f4xx_it.c **** 
  84:./USER/stm32f4xx_it.c **** /**
  85:./USER/stm32f4xx_it.c ****   * @brief  This function handles Bus Fault exception.
  86:./USER/stm32f4xx_it.c ****   * @param  None
  87:./USER/stm32f4xx_it.c ****   * @retval None
  88:./USER/stm32f4xx_it.c ****   */
  89:./USER/stm32f4xx_it.c **** void BusFault_Handler(void)
ARM GAS  /tmp/cceS2hxs.s 			page 4


  90:./USER/stm32f4xx_it.c **** {
  90              		.loc 1 90 0
  91              		.cfi_startproc
  92              		@ Volatile: function does not return.
  93              		@ args = 0, pretend = 0, frame = 0
  94              		@ frame_needed = 0, uses_anonymous_args = 0
  95              		@ link register save eliminated.
  96              	.L7:
  97 0000 FEE7     		b	.L7
  98              		.cfi_endproc
  99              	.LFE115:
 101              		.section	.text.UsageFault_Handler,"ax",%progbits
 102              		.align	1
 103              		.global	UsageFault_Handler
 104              		.syntax unified
 105              		.thumb
 106              		.thumb_func
 107              		.fpu fpv4-sp-d16
 109              	UsageFault_Handler:
 110              	.LFB116:
  91:./USER/stm32f4xx_it.c ****   /* Go to infinite loop when Bus Fault exception occurs */
  92:./USER/stm32f4xx_it.c ****   while (1)
  93:./USER/stm32f4xx_it.c ****   {
  94:./USER/stm32f4xx_it.c ****   }
  95:./USER/stm32f4xx_it.c **** }
  96:./USER/stm32f4xx_it.c **** 
  97:./USER/stm32f4xx_it.c **** /**
  98:./USER/stm32f4xx_it.c ****   * @brief  This function handles Usage Fault exception.
  99:./USER/stm32f4xx_it.c ****   * @param  None
 100:./USER/stm32f4xx_it.c ****   * @retval None
 101:./USER/stm32f4xx_it.c ****   */
 102:./USER/stm32f4xx_it.c **** void UsageFault_Handler(void)
 103:./USER/stm32f4xx_it.c **** {
 111              		.loc 1 103 0
 112              		.cfi_startproc
 113              		@ Volatile: function does not return.
 114              		@ args = 0, pretend = 0, frame = 0
 115              		@ frame_needed = 0, uses_anonymous_args = 0
 116              		@ link register save eliminated.
 117              	.L9:
 118 0000 FEE7     		b	.L9
 119              		.cfi_endproc
 120              	.LFE116:
 122              		.section	.text.SVC_Handler,"ax",%progbits
 123              		.align	1
 124              		.global	SVC_Handler
 125              		.syntax unified
 126              		.thumb
 127              		.thumb_func
 128              		.fpu fpv4-sp-d16
 130              	SVC_Handler:
 131              	.LFB117:
 104:./USER/stm32f4xx_it.c ****   /* Go to infinite loop when Usage Fault exception occurs */
 105:./USER/stm32f4xx_it.c ****   while (1)
 106:./USER/stm32f4xx_it.c ****   {
 107:./USER/stm32f4xx_it.c ****   }
 108:./USER/stm32f4xx_it.c **** }
ARM GAS  /tmp/cceS2hxs.s 			page 5


 109:./USER/stm32f4xx_it.c **** 
 110:./USER/stm32f4xx_it.c **** /**
 111:./USER/stm32f4xx_it.c ****   * @brief  This function handles SVCall exception.
 112:./USER/stm32f4xx_it.c ****   * @param  None
 113:./USER/stm32f4xx_it.c ****   * @retval None
 114:./USER/stm32f4xx_it.c ****   */
 115:./USER/stm32f4xx_it.c **** void SVC_Handler(void)
 116:./USER/stm32f4xx_it.c **** {
 132              		.loc 1 116 0
 133              		.cfi_startproc
 134              		@ args = 0, pretend = 0, frame = 0
 135              		@ frame_needed = 0, uses_anonymous_args = 0
 136              		@ link register save eliminated.
 117:./USER/stm32f4xx_it.c **** }
 137              		.loc 1 117 0
 138 0000 7047     		bx	lr
 139              		.cfi_endproc
 140              	.LFE117:
 142              		.section	.text.DebugMon_Handler,"ax",%progbits
 143              		.align	1
 144              		.global	DebugMon_Handler
 145              		.syntax unified
 146              		.thumb
 147              		.thumb_func
 148              		.fpu fpv4-sp-d16
 150              	DebugMon_Handler:
 151              	.LFB118:
 118:./USER/stm32f4xx_it.c **** 
 119:./USER/stm32f4xx_it.c **** /**
 120:./USER/stm32f4xx_it.c ****   * @brief  This function handles Debug Monitor exception.
 121:./USER/stm32f4xx_it.c ****   * @param  None
 122:./USER/stm32f4xx_it.c ****   * @retval None
 123:./USER/stm32f4xx_it.c ****   */
 124:./USER/stm32f4xx_it.c **** void DebugMon_Handler(void)
 125:./USER/stm32f4xx_it.c **** {
 152              		.loc 1 125 0
 153              		.cfi_startproc
 154              		@ args = 0, pretend = 0, frame = 0
 155              		@ frame_needed = 0, uses_anonymous_args = 0
 156              		@ link register save eliminated.
 126:./USER/stm32f4xx_it.c **** }
 157              		.loc 1 126 0
 158 0000 7047     		bx	lr
 159              		.cfi_endproc
 160              	.LFE118:
 162              		.section	.text.PendSV_Handler,"ax",%progbits
 163              		.align	1
 164              		.global	PendSV_Handler
 165              		.syntax unified
 166              		.thumb
 167              		.thumb_func
 168              		.fpu fpv4-sp-d16
 170              	PendSV_Handler:
 171              	.LFB119:
 127:./USER/stm32f4xx_it.c **** 
 128:./USER/stm32f4xx_it.c **** /**
 129:./USER/stm32f4xx_it.c ****   * @brief  This function handles PendSVC exception.
ARM GAS  /tmp/cceS2hxs.s 			page 6


 130:./USER/stm32f4xx_it.c ****   * @param  None
 131:./USER/stm32f4xx_it.c ****   * @retval None
 132:./USER/stm32f4xx_it.c ****   */
 133:./USER/stm32f4xx_it.c **** void PendSV_Handler(void)
 134:./USER/stm32f4xx_it.c **** {
 172              		.loc 1 134 0
 173              		.cfi_startproc
 174              		@ args = 0, pretend = 0, frame = 0
 175              		@ frame_needed = 0, uses_anonymous_args = 0
 176              		@ link register save eliminated.
 135:./USER/stm32f4xx_it.c **** }
 177              		.loc 1 135 0
 178 0000 7047     		bx	lr
 179              		.cfi_endproc
 180              	.LFE119:
 182              		.section	.text.SysTick_Handler,"ax",%progbits
 183              		.align	1
 184              		.global	SysTick_Handler
 185              		.syntax unified
 186              		.thumb
 187              		.thumb_func
 188              		.fpu fpv4-sp-d16
 190              	SysTick_Handler:
 191              	.LFB120:
 136:./USER/stm32f4xx_it.c **** 
 137:./USER/stm32f4xx_it.c **** /**
 138:./USER/stm32f4xx_it.c ****   * @brief  This function handles SysTick Handler.
 139:./USER/stm32f4xx_it.c ****   * @param  None
 140:./USER/stm32f4xx_it.c ****   * @retval None
 141:./USER/stm32f4xx_it.c ****   */
 142:./USER/stm32f4xx_it.c **** void SysTick_Handler(void)
 143:./USER/stm32f4xx_it.c **** {
 192              		.loc 1 143 0
 193              		.cfi_startproc
 194              		@ args = 0, pretend = 0, frame = 0
 195              		@ frame_needed = 0, uses_anonymous_args = 0
 196              		@ link register save eliminated.
 144:./USER/stm32f4xx_it.c ****  
 145:./USER/stm32f4xx_it.c **** }
 197              		.loc 1 145 0
 198 0000 7047     		bx	lr
 199              		.cfi_endproc
 200              	.LFE120:
 202              		.text
 203              	.Letext0:
 204              		.file 2 "/usr/arm-none-eabi/include/machine/_default_types.h"
 205              		.file 3 "/usr/arm-none-eabi/include/sys/_stdint.h"
 206              		.file 4 "build/lnInclude/core_cm4.h"
 207              		.file 5 "./USER/system_stm32f4xx.h"
ARM GAS  /tmp/cceS2hxs.s 			page 7


DEFINED SYMBOLS
                            *ABS*:0000000000000000 stm32f4xx_it.c
     /tmp/cceS2hxs.s:18     .text.NMI_Handler:0000000000000000 $t
     /tmp/cceS2hxs.s:25     .text.NMI_Handler:0000000000000000 NMI_Handler
     /tmp/cceS2hxs.s:39     .text.HardFault_Handler:0000000000000000 $t
     /tmp/cceS2hxs.s:46     .text.HardFault_Handler:0000000000000000 HardFault_Handler
     /tmp/cceS2hxs.s:60     .text.MemManage_Handler:0000000000000000 $t
     /tmp/cceS2hxs.s:67     .text.MemManage_Handler:0000000000000000 MemManage_Handler
     /tmp/cceS2hxs.s:81     .text.BusFault_Handler:0000000000000000 $t
     /tmp/cceS2hxs.s:88     .text.BusFault_Handler:0000000000000000 BusFault_Handler
     /tmp/cceS2hxs.s:102    .text.UsageFault_Handler:0000000000000000 $t
     /tmp/cceS2hxs.s:109    .text.UsageFault_Handler:0000000000000000 UsageFault_Handler
     /tmp/cceS2hxs.s:123    .text.SVC_Handler:0000000000000000 $t
     /tmp/cceS2hxs.s:130    .text.SVC_Handler:0000000000000000 SVC_Handler
     /tmp/cceS2hxs.s:143    .text.DebugMon_Handler:0000000000000000 $t
     /tmp/cceS2hxs.s:150    .text.DebugMon_Handler:0000000000000000 DebugMon_Handler
     /tmp/cceS2hxs.s:163    .text.PendSV_Handler:0000000000000000 $t
     /tmp/cceS2hxs.s:170    .text.PendSV_Handler:0000000000000000 PendSV_Handler
     /tmp/cceS2hxs.s:183    .text.SysTick_Handler:0000000000000000 $t
     /tmp/cceS2hxs.s:190    .text.SysTick_Handler:0000000000000000 SysTick_Handler

NO UNDEFINED SYMBOLS
