ARM GAS  /tmp/ccI40LSM.s 			page 1


   1              		.cpu cortex-m4
   2              		.eabi_attribute 27, 1
   3              		.eabi_attribute 28, 1
   4              		.eabi_attribute 20, 1
   5              		.eabi_attribute 21, 1
   6              		.eabi_attribute 23, 3
   7              		.eabi_attribute 24, 1
   8              		.eabi_attribute 25, 1
   9              		.eabi_attribute 26, 1
  10              		.eabi_attribute 30, 1
  11              		.eabi_attribute 34, 1
  12              		.eabi_attribute 18, 4
  13              		.file	"usart.c"
  14              		.text
  15              	.Ltext0:
  16              		.cfi_sections	.debug_frame
  17              		.section	.text._sys_exit,"ax",%progbits
  18              		.align	1
  19              		.global	_sys_exit
  20              		.syntax unified
  21              		.thumb
  22              		.thumb_func
  23              		.fpu fpv4-sp-d16
  25              	_sys_exit:
  26              	.LFB115:
  27              		.file 1 "./SYSTEM/usart.c"
   1:./SYSTEM/usart.c **** #include "sys.h"
   2:./SYSTEM/usart.c **** #include "usart.h"	
   3:./SYSTEM/usart.c **** ////////////////////////////////////////////////////////////////////////////////// 	 
   4:./SYSTEM/usart.c **** //Â¶ÇÊûú‰ΩøÁî®ucos,ÂàôÂåÖÊã¨‰∏ãÈù¢ÁöÑÂ§¥Êñá‰ª∂Âç≥ÂèØ.
   5:./SYSTEM/usart.c **** #if SYSTEM_SUPPORT_UCOS
   6:./SYSTEM/usart.c **** #include "includes.h"					//ucos ‰ΩøÁî®	  
   7:./SYSTEM/usart.c **** #endif
   8:./SYSTEM/usart.c **** //////////////////////////////////////////////////////////////////////////////////	 
   9:./SYSTEM/usart.c **** //Êú¨Á®ãÂ∫èÂè™‰æõÂ≠¶‰π†‰ΩøÁî®ÔºåÊú™Áªè‰ΩúËÄÖËÆ∏ÂèØÔºå‰∏çÂæóÁî®‰∫éÂÖ∂ÂÆÉ‰ªª‰ΩïÁî®ÈÄî
  10:./SYSTEM/usart.c **** //ALIENTEK STM32F4Êé¢Á¥¢ËÄÖÂºÄÂèëÊùø
  11:./SYSTEM/usart.c **** //‰∏≤Âè£1ÂàùÂßãÂåñ		   
  12:./SYSTEM/usart.c **** //Ê≠£ÁÇπÂéüÂ≠ê@ALIENTEK
  13:./SYSTEM/usart.c **** //ÊäÄÊúØËÆ∫Âùõ:www.openedv.com
  14:./SYSTEM/usart.c **** //‰øÆÊîπÊó•Êúü:2014/6/10
  15:./SYSTEM/usart.c **** //ÁâàÊú¨ÔºöV1.5
  16:./SYSTEM/usart.c **** //ÁâàÊùÉÊâÄÊúâÔºåÁõóÁâàÂøÖÁ©∂„ÄÇ
  17:./SYSTEM/usart.c **** //Copyright(C) ÂπøÂ∑ûÂ∏ÇÊòüÁøºÁîµÂ≠êÁßëÊäÄÊúâÈôêÂÖ¨Âè∏ 2009-2019
  18:./SYSTEM/usart.c **** //All rights reserved
  19:./SYSTEM/usart.c **** //********************************************************************************
  20:./SYSTEM/usart.c **** //V1.3‰øÆÊîπËØ¥Êòé 
  21:./SYSTEM/usart.c **** //ÊîØÊåÅÈÄÇÂ∫î‰∏çÂêåÈ¢ëÁéá‰∏ãÁöÑ‰∏≤Âè£Ê≥¢ÁâπÁéáËÆæÁΩÆ.
  22:./SYSTEM/usart.c **** //Âä†ÂÖ•‰∫ÜÂØπprintfÁöÑÊîØÊåÅ
  23:./SYSTEM/usart.c **** //Â¢ûÂä†‰∫Ü‰∏≤Âè£Êé•Êî∂ÂëΩ‰ª§ÂäüËÉΩ.
  24:./SYSTEM/usart.c **** //‰øÆÊ≠£‰∫ÜprintfÁ¨¨‰∏Ä‰∏™Â≠óÁ¨¶‰∏¢Â§±ÁöÑbug
  25:./SYSTEM/usart.c **** //V1.4‰øÆÊîπËØ¥Êòé
  26:./SYSTEM/usart.c **** //1,‰øÆÊîπ‰∏≤Âè£ÂàùÂßãÂåñIOÁöÑbug
  27:./SYSTEM/usart.c **** //2,‰øÆÊîπ‰∫ÜUSART_RX_STA,‰ΩøÂæó‰∏≤Âè£ÊúÄÂ§ßÊé•Êî∂Â≠óËäÇÊï∞‰∏∫2ÁöÑ14Ê¨°Êñπ
  28:./SYSTEM/usart.c **** //3,Â¢ûÂä†‰∫ÜUSART_REC_LEN,Áî®‰∫éÂÆö‰πâ‰∏≤Âè£ÊúÄÂ§ßÂÖÅËÆ∏Êé•Êî∂ÁöÑÂ≠óËäÇÊï∞(‰∏çÂ§ß‰∫é2ÁöÑ14Ê¨°Êñπ)
  29:./SYSTEM/usart.c **** //4,‰øÆÊîπ‰∫ÜEN_USART1_RXÁöÑ‰ΩøËÉΩÊñπÂºè
  30:./SYSTEM/usart.c **** //V1.5‰øÆÊîπËØ¥Êòé
  31:./SYSTEM/usart.c **** //1,Â¢ûÂä†‰∫ÜÂØπUCOSIIÁöÑÊîØÊåÅ
ARM GAS  /tmp/ccI40LSM.s 			page 2


  32:./SYSTEM/usart.c **** ////////////////////////////////////////////////////////////////////////////////// 	  
  33:./SYSTEM/usart.c ****  
  34:./SYSTEM/usart.c **** 
  35:./SYSTEM/usart.c **** //////////////////////////////////////////////////////////////////
  36:./SYSTEM/usart.c **** //Âä†ÂÖ•‰ª•‰∏ã‰ª£Á†Å,ÊîØÊåÅprintfÂáΩÊï∞,ËÄå‰∏çÈúÄË¶ÅÈÄâÊã©use MicroLIB	  
  37:./SYSTEM/usart.c **** #if 1
  38:./SYSTEM/usart.c **** #pragma import(__use_no_semihosting)             
  39:./SYSTEM/usart.c **** //Ê†áÂáÜÂ∫ìÈúÄË¶ÅÁöÑÊîØÊåÅÂáΩÊï∞                 
  40:./SYSTEM/usart.c **** struct __FILE 
  41:./SYSTEM/usart.c **** { 
  42:./SYSTEM/usart.c **** 	int handle; 
  43:./SYSTEM/usart.c **** }; 
  44:./SYSTEM/usart.c **** 
  45:./SYSTEM/usart.c **** FILE __stdout;       
  46:./SYSTEM/usart.c **** //ÂÆö‰πâ_sys_exit()‰ª•ÈÅøÂÖç‰ΩøÁî®Âçä‰∏ªÊú∫Ê®°Âºè    
  47:./SYSTEM/usart.c **** _sys_exit(int x) 
  48:./SYSTEM/usart.c **** { 
  28              		.loc 1 48 0
  29              		.cfi_startproc
  30              		@ args = 0, pretend = 0, frame = 0
  31              		@ frame_needed = 0, uses_anonymous_args = 0
  32              		@ link register save eliminated.
  33              	.LVL0:
  34              	.LVL1:
  49:./SYSTEM/usart.c **** 	x = x; 
  50:./SYSTEM/usart.c **** } 
  35              		.loc 1 50 0
  36 0000 7047     		bx	lr
  37              		.cfi_endproc
  38              	.LFE115:
  40              		.section	.text.fputc,"ax",%progbits
  41              		.align	1
  42              		.global	fputc
  43              		.syntax unified
  44              		.thumb
  45              		.thumb_func
  46              		.fpu fpv4-sp-d16
  48              	fputc:
  49              	.LFB116:
  51:./SYSTEM/usart.c **** //ÈáçÂÆö‰πâfputcÂáΩÊï∞ 
  52:./SYSTEM/usart.c **** int fputc(int ch, FILE *f)
  53:./SYSTEM/usart.c **** { 	
  50              		.loc 1 53 0
  51              		.cfi_startproc
  52              		@ args = 0, pretend = 0, frame = 0
  53              		@ frame_needed = 0, uses_anonymous_args = 0
  54              		@ link register save eliminated.
  55              	.LVL2:
  56              	.L3:
  54:./SYSTEM/usart.c **** 	while((USART1->SR&0X40)==0);//Âæ™ÁéØÂèëÈÄÅ,Áõ¥Âà∞ÂèëÈÄÅÂÆåÊØï   
  57              		.loc 1 54 0 discriminator 1
  58 0000 044B     		ldr	r3, .L4
  59 0002 1B88     		ldrh	r3, [r3]
  60 0004 13F0400F 		tst	r3, #64
  61 0008 FAD0     		beq	.L3
  55:./SYSTEM/usart.c **** 	USART1->DR = (u8) ch;      
  62              		.loc 1 55 0
ARM GAS  /tmp/ccI40LSM.s 			page 3


  63 000a C2B2     		uxtb	r2, r0
  64 000c 014B     		ldr	r3, .L4
  65 000e 9A80     		strh	r2, [r3, #4]	@ movhi
  56:./SYSTEM/usart.c **** 	return ch;
  57:./SYSTEM/usart.c **** }
  66              		.loc 1 57 0
  67 0010 7047     		bx	lr
  68              	.L5:
  69 0012 00BF     		.align	2
  70              	.L4:
  71 0014 00100140 		.word	1073811456
  72              		.cfi_endproc
  73              	.LFE116:
  75              		.section	.text.uart_init,"ax",%progbits
  76              		.align	1
  77              		.global	uart_init
  78              		.syntax unified
  79              		.thumb
  80              		.thumb_func
  81              		.fpu fpv4-sp-d16
  83              	uart_init:
  84              	.LFB117:
  58:./SYSTEM/usart.c **** #endif
  59:./SYSTEM/usart.c ****  
  60:./SYSTEM/usart.c **** #if EN_USART1_RX   //Â¶ÇÊûú‰ΩøËÉΩ‰∫ÜÊé•Êî∂
  61:./SYSTEM/usart.c **** //‰∏≤Âè£1‰∏≠Êñ≠ÊúçÂä°Á®ãÂ∫è
  62:./SYSTEM/usart.c **** //Ê≥®ÊÑè,ËØªÂèñUSARTx->SRËÉΩÈÅøÂÖçËé´ÂêçÂÖ∂Â¶ôÁöÑÈîôËØØ   	
  63:./SYSTEM/usart.c **** u8 USART_RX_BUF[USART_REC_LEN];     //Êé•Êî∂ÁºìÂÜ≤,ÊúÄÂ§ßUSART_REC_LEN‰∏™Â≠óËäÇ.
  64:./SYSTEM/usart.c **** //Êé•Êî∂Áä∂ÊÄÅ
  65:./SYSTEM/usart.c **** //bit15Ôºå	Êé•Êî∂ÂÆåÊàêÊ†áÂøó
  66:./SYSTEM/usart.c **** //bit14Ôºå	Êé•Êî∂Âà∞0x0d
  67:./SYSTEM/usart.c **** //bit13~0Ôºå	Êé•Êî∂Âà∞ÁöÑÊúâÊïàÂ≠óËäÇÊï∞ÁõÆ
  68:./SYSTEM/usart.c **** u16 USART_RX_STA=0;       //Êé•Êî∂Áä∂ÊÄÅÊ†áËÆ∞	
  69:./SYSTEM/usart.c **** 
  70:./SYSTEM/usart.c **** //ÂàùÂßãÂåñIO ‰∏≤Âè£1 
  71:./SYSTEM/usart.c **** //bound:Ê≥¢ÁâπÁéá
  72:./SYSTEM/usart.c **** void uart_init(u32 bound){
  85              		.loc 1 72 0
  86              		.cfi_startproc
  87              		@ args = 0, pretend = 0, frame = 32
  88              		@ frame_needed = 0, uses_anonymous_args = 0
  89              	.LVL3:
  90 0000 F0B5     		push	{r4, r5, r6, r7, lr}
  91              	.LCFI0:
  92              		.cfi_def_cfa_offset 20
  93              		.cfi_offset 4, -20
  94              		.cfi_offset 5, -16
  95              		.cfi_offset 6, -12
  96              		.cfi_offset 7, -8
  97              		.cfi_offset 14, -4
  98 0002 89B0     		sub	sp, sp, #36
  99              	.LCFI1:
 100              		.cfi_def_cfa_offset 56
 101 0004 0746     		mov	r7, r0
  73:./SYSTEM/usart.c ****    //GPIOÁ´ØÂè£ËÆæÁΩÆ
  74:./SYSTEM/usart.c ****   GPIO_InitTypeDef GPIO_InitStructure;
  75:./SYSTEM/usart.c **** 	USART_InitTypeDef USART_InitStructure;
ARM GAS  /tmp/ccI40LSM.s 			page 4


  76:./SYSTEM/usart.c **** 	NVIC_InitTypeDef NVIC_InitStructure;
  77:./SYSTEM/usart.c **** 	
  78:./SYSTEM/usart.c **** 	RCC_AHB1PeriphClockCmd(RCC_AHB1Periph_GPIOA,ENABLE); //‰ΩøËÉΩGPIOAÊó∂Èíü
 102              		.loc 1 78 0
 103 0006 0121     		movs	r1, #1
 104 0008 0846     		mov	r0, r1
 105              	.LVL4:
 106 000a FFF7FEFF 		bl	RCC_AHB1PeriphClockCmd
 107              	.LVL5:
  79:./SYSTEM/usart.c **** 	RCC_APB2PeriphClockCmd(RCC_APB2Periph_USART1,ENABLE);//‰ΩøËÉΩUSART1Êó∂Èíü
 108              		.loc 1 79 0
 109 000e 0121     		movs	r1, #1
 110 0010 1020     		movs	r0, #16
 111 0012 FFF7FEFF 		bl	RCC_APB2PeriphClockCmd
 112              	.LVL6:
  80:./SYSTEM/usart.c ****  
  81:./SYSTEM/usart.c **** 	//‰∏≤Âè£1ÂØπÂ∫îÂºïËÑöÂ§çÁî®Êò†Â∞Ñ
  82:./SYSTEM/usart.c **** 	GPIO_PinAFConfig(GPIOA,GPIO_PinSource9,GPIO_AF_USART1); //GPIOA9Â§çÁî®‰∏∫USART1
 113              		.loc 1 82 0
 114 0016 274E     		ldr	r6, .L8
 115 0018 0722     		movs	r2, #7
 116 001a 0921     		movs	r1, #9
 117 001c 3046     		mov	r0, r6
 118 001e FFF7FEFF 		bl	GPIO_PinAFConfig
 119              	.LVL7:
  83:./SYSTEM/usart.c **** 	GPIO_PinAFConfig(GPIOA,GPIO_PinSource10,GPIO_AF_USART1); //GPIOA10Â§çÁî®‰∏∫USART1
 120              		.loc 1 83 0
 121 0022 0722     		movs	r2, #7
 122 0024 0A21     		movs	r1, #10
 123 0026 3046     		mov	r0, r6
 124 0028 FFF7FEFF 		bl	GPIO_PinAFConfig
 125              	.LVL8:
  84:./SYSTEM/usart.c **** 	
  85:./SYSTEM/usart.c **** 	//USART1Á´ØÂè£ÈÖçÁΩÆ
  86:./SYSTEM/usart.c ****   GPIO_InitStructure.GPIO_Pin = GPIO_Pin_9 | GPIO_Pin_10; //GPIOA9‰∏éGPIOA10
 126              		.loc 1 86 0
 127 002c 4FF4C063 		mov	r3, #1536
 128 0030 0693     		str	r3, [sp, #24]
  87:./SYSTEM/usart.c **** 	GPIO_InitStructure.GPIO_Mode = GPIO_Mode_AF;//Â§çÁî®ÂäüËÉΩ
 129              		.loc 1 87 0
 130 0032 0223     		movs	r3, #2
 131 0034 8DF81C30 		strb	r3, [sp, #28]
  88:./SYSTEM/usart.c **** 	GPIO_InitStructure.GPIO_Speed = GPIO_Speed_50MHz;	//ÈÄüÂ∫¶50MHz
 132              		.loc 1 88 0
 133 0038 8DF81D30 		strb	r3, [sp, #29]
  89:./SYSTEM/usart.c **** 	GPIO_InitStructure.GPIO_OType = GPIO_OType_PP; //Êé®ÊåΩÂ§çÁî®ËæìÂá∫
 134              		.loc 1 89 0
 135 003c 0024     		movs	r4, #0
 136 003e 8DF81E40 		strb	r4, [sp, #30]
  90:./SYSTEM/usart.c **** 	GPIO_InitStructure.GPIO_PuPd = GPIO_PuPd_UP; //‰∏äÊãâ
 137              		.loc 1 90 0
 138 0042 0125     		movs	r5, #1
 139 0044 8DF81F50 		strb	r5, [sp, #31]
  91:./SYSTEM/usart.c **** 	GPIO_Init(GPIOA,&GPIO_InitStructure); //ÂàùÂßãÂåñPA9ÔºåPA10
 140              		.loc 1 91 0
 141 0048 06A9     		add	r1, sp, #24
 142 004a 3046     		mov	r0, r6
ARM GAS  /tmp/ccI40LSM.s 			page 5


 143 004c FFF7FEFF 		bl	GPIO_Init
 144              	.LVL9:
  92:./SYSTEM/usart.c **** 
  93:./SYSTEM/usart.c ****    //USART1 ÂàùÂßãÂåñËÆæÁΩÆ
  94:./SYSTEM/usart.c **** 	USART_InitStructure.USART_BaudRate = bound;//Ê≥¢ÁâπÁéáËÆæÁΩÆ
 145              		.loc 1 94 0
 146 0050 0297     		str	r7, [sp, #8]
  95:./SYSTEM/usart.c **** 	USART_InitStructure.USART_WordLength = USART_WordLength_8b;//Â≠óÈïø‰∏∫8‰ΩçÊï∞ÊçÆÊ†ºÂºè
 147              		.loc 1 95 0
 148 0052 ADF80C40 		strh	r4, [sp, #12]	@ movhi
  96:./SYSTEM/usart.c **** 	USART_InitStructure.USART_StopBits = USART_StopBits_1;//‰∏Ä‰∏™ÂÅúÊ≠¢‰Ωç
 149              		.loc 1 96 0
 150 0056 ADF80E40 		strh	r4, [sp, #14]	@ movhi
  97:./SYSTEM/usart.c **** 	USART_InitStructure.USART_Parity = USART_Parity_No;//Êó†Â•áÂÅ∂Ê†°È™å‰Ωç
 151              		.loc 1 97 0
 152 005a ADF81040 		strh	r4, [sp, #16]	@ movhi
  98:./SYSTEM/usart.c **** 	USART_InitStructure.USART_HardwareFlowControl = USART_HardwareFlowControl_None;//Êó†Á°¨‰ª∂Êï∞ÊçÆÊµ
 153              		.loc 1 98 0
 154 005e ADF81440 		strh	r4, [sp, #20]	@ movhi
  99:./SYSTEM/usart.c **** 	USART_InitStructure.USART_Mode = USART_Mode_Rx | USART_Mode_Tx;	//Êî∂ÂèëÊ®°Âºè
 155              		.loc 1 99 0
 156 0062 0C23     		movs	r3, #12
 157 0064 ADF81230 		strh	r3, [sp, #18]	@ movhi
 100:./SYSTEM/usart.c ****   USART_Init(USART1, &USART_InitStructure); //ÂàùÂßãÂåñ‰∏≤Âè£1
 158              		.loc 1 100 0
 159 0068 04F18044 		add	r4, r4, #1073741824
 160 006c 04F58834 		add	r4, r4, #69632
 161 0070 02A9     		add	r1, sp, #8
 162 0072 2046     		mov	r0, r4
 163 0074 FFF7FEFF 		bl	USART_Init
 164              	.LVL10:
 101:./SYSTEM/usart.c **** 	
 102:./SYSTEM/usart.c ****   USART_Cmd(USART1, ENABLE);  //‰ΩøËÉΩ‰∏≤Âè£1 
 165              		.loc 1 102 0
 166 0078 2946     		mov	r1, r5
 167 007a 2046     		mov	r0, r4
 168 007c FFF7FEFF 		bl	USART_Cmd
 169              	.LVL11:
 103:./SYSTEM/usart.c **** 	
 104:./SYSTEM/usart.c **** 	USART_ClearFlag(USART1, USART_FLAG_TC);
 170              		.loc 1 104 0
 171 0080 4021     		movs	r1, #64
 172 0082 2046     		mov	r0, r4
 173 0084 FFF7FEFF 		bl	USART_ClearFlag
 174              	.LVL12:
 105:./SYSTEM/usart.c **** 	
 106:./SYSTEM/usart.c **** #if EN_USART1_RX	
 107:./SYSTEM/usart.c **** 	USART_ITConfig(USART1, USART_IT_RXNE, ENABLE);//ÂºÄÂêØÁõ∏ÂÖ≥‰∏≠Êñ≠
 175              		.loc 1 107 0
 176 0088 2A46     		mov	r2, r5
 177 008a 40F22551 		movw	r1, #1317
 178 008e 2046     		mov	r0, r4
 179 0090 FFF7FEFF 		bl	USART_ITConfig
 180              	.LVL13:
 108:./SYSTEM/usart.c **** 
 109:./SYSTEM/usart.c **** 	//Usart1 NVIC ÈÖçÁΩÆ
 110:./SYSTEM/usart.c ****   NVIC_InitStructure.NVIC_IRQChannel = USART1_IRQn;//‰∏≤Âè£1‰∏≠Êñ≠ÈÄöÈÅì
ARM GAS  /tmp/ccI40LSM.s 			page 6


 181              		.loc 1 110 0
 182 0094 2523     		movs	r3, #37
 183 0096 8DF80430 		strb	r3, [sp, #4]
 111:./SYSTEM/usart.c **** 	NVIC_InitStructure.NVIC_IRQChannelPreemptionPriority=3;//Êä¢Âç†‰ºòÂÖàÁ∫ß3
 184              		.loc 1 111 0
 185 009a 0323     		movs	r3, #3
 186 009c 8DF80530 		strb	r3, [sp, #5]
 112:./SYSTEM/usart.c **** 	NVIC_InitStructure.NVIC_IRQChannelSubPriority =3;		//Â≠ê‰ºòÂÖàÁ∫ß3
 187              		.loc 1 112 0
 188 00a0 8DF80630 		strb	r3, [sp, #6]
 113:./SYSTEM/usart.c **** 	NVIC_InitStructure.NVIC_IRQChannelCmd = ENABLE;			//IRQÈÄöÈÅì‰ΩøËÉΩ
 189              		.loc 1 113 0
 190 00a4 8DF80750 		strb	r5, [sp, #7]
 114:./SYSTEM/usart.c **** 	NVIC_Init(&NVIC_InitStructure);	//Ê†πÊçÆÊåáÂÆöÁöÑÂèÇÊï∞ÂàùÂßãÂåñVICÂØÑÂ≠òÂô®„ÄÅ
 191              		.loc 1 114 0
 192 00a8 01A8     		add	r0, sp, #4
 193 00aa FFF7FEFF 		bl	NVIC_Init
 194              	.LVL14:
 115:./SYSTEM/usart.c **** 
 116:./SYSTEM/usart.c **** #endif
 117:./SYSTEM/usart.c **** 	
 118:./SYSTEM/usart.c **** }
 195              		.loc 1 118 0
 196 00ae 09B0     		add	sp, sp, #36
 197              	.LCFI2:
 198              		.cfi_def_cfa_offset 20
 199              		@ sp needed
 200 00b0 F0BD     		pop	{r4, r5, r6, r7, pc}
 201              	.LVL15:
 202              	.L9:
 203 00b2 00BF     		.align	2
 204              	.L8:
 205 00b4 00000240 		.word	1073872896
 206              		.cfi_endproc
 207              	.LFE117:
 209              		.section	.text.USART1_IRQHandler,"ax",%progbits
 210              		.align	1
 211              		.global	USART1_IRQHandler
 212              		.syntax unified
 213              		.thumb
 214              		.thumb_func
 215              		.fpu fpv4-sp-d16
 217              	USART1_IRQHandler:
 218              	.LFB118:
 119:./SYSTEM/usart.c **** 
 120:./SYSTEM/usart.c **** 
 121:./SYSTEM/usart.c **** void USART1_IRQHandler(void)                	//‰∏≤Âè£1‰∏≠Êñ≠ÊúçÂä°Á®ãÂ∫è
 122:./SYSTEM/usart.c **** {
 219              		.loc 1 122 0
 220              		.cfi_startproc
 221              		@ args = 0, pretend = 0, frame = 0
 222              		@ frame_needed = 0, uses_anonymous_args = 0
 223 0000 08B5     		push	{r3, lr}
 224              	.LCFI3:
 225              		.cfi_def_cfa_offset 8
 226              		.cfi_offset 3, -8
 227              		.cfi_offset 14, -4
ARM GAS  /tmp/ccI40LSM.s 			page 7


 123:./SYSTEM/usart.c **** 	u8 Res;
 124:./SYSTEM/usart.c **** #ifdef OS_TICKS_PER_SEC	 	//Â¶ÇÊûúÊó∂ÈíüËäÇÊãçÊï∞ÂÆö‰πâ‰∫Ü,ËØ¥ÊòéË¶Å‰ΩøÁî®ucosII‰∫Ü.
 125:./SYSTEM/usart.c **** 	OSIntEnter();    
 126:./SYSTEM/usart.c **** #endif
 127:./SYSTEM/usart.c **** 	if(USART_GetITStatus(USART1, USART_IT_RXNE) != RESET)  //Êé•Êî∂‰∏≠Êñ≠(Êé•Êî∂Âà∞ÁöÑÊï∞ÊçÆÂøÖÈ°ªÊòØ0
 228              		.loc 1 127 0
 229 0002 40F22551 		movw	r1, #1317
 230 0006 1948     		ldr	r0, .L18
 231 0008 FFF7FEFF 		bl	USART_GetITStatus
 232              	.LVL16:
 233 000c 00B9     		cbnz	r0, .L16
 234              	.L10:
 128:./SYSTEM/usart.c **** 	{
 129:./SYSTEM/usart.c **** 		Res =USART_ReceiveData(USART1);//(USART1->DR);	//ËØªÂèñÊé•Êî∂Âà∞ÁöÑÊï∞ÊçÆ
 130:./SYSTEM/usart.c **** 		
 131:./SYSTEM/usart.c **** 		if((USART_RX_STA&0x8000)==0)//Êé•Êî∂Êú™ÂÆåÊàê
 132:./SYSTEM/usart.c **** 		{
 133:./SYSTEM/usart.c **** 			if(USART_RX_STA&0x4000)//Êé•Êî∂Âà∞‰∫Ü0x0d
 134:./SYSTEM/usart.c **** 			{
 135:./SYSTEM/usart.c **** 				if(Res!=0x0a)USART_RX_STA=0;//Êé•Êî∂ÈîôËØØ,ÈáçÊñ∞ÂºÄÂßã
 136:./SYSTEM/usart.c **** 				else USART_RX_STA|=0x8000;	//Êé•Êî∂ÂÆåÊàê‰∫Ü 
 137:./SYSTEM/usart.c **** 			}
 138:./SYSTEM/usart.c **** 			else //ËøòÊ≤°Êî∂Âà∞0X0D
 139:./SYSTEM/usart.c **** 			{	
 140:./SYSTEM/usart.c **** 				if(Res==0x0d)USART_RX_STA|=0x4000;
 141:./SYSTEM/usart.c **** 				else
 142:./SYSTEM/usart.c **** 				{
 143:./SYSTEM/usart.c **** 					USART_RX_BUF[USART_RX_STA&0X3FFF]=Res ;
 144:./SYSTEM/usart.c **** 					USART_RX_STA++;
 145:./SYSTEM/usart.c **** 					if(USART_RX_STA>(USART_REC_LEN-1))USART_RX_STA=0;//Êé•Êî∂Êï∞ÊçÆÈîôËØØ,ÈáçÊñ∞ÂºÄÂßãÊé•Êî∂	  
 146:./SYSTEM/usart.c **** 				}		 
 147:./SYSTEM/usart.c **** 			}
 148:./SYSTEM/usart.c **** 		}   		 
 149:./SYSTEM/usart.c ****   } 
 150:./SYSTEM/usart.c **** #ifdef OS_TICKS_PER_SEC	 	//Â¶ÇÊûúÊó∂ÈíüËäÇÊãçÊï∞ÂÆö‰πâ‰∫Ü,ËØ¥ÊòéË¶Å‰ΩøÁî®ucosII‰∫Ü.
 151:./SYSTEM/usart.c **** 	OSIntExit();  											 
 152:./SYSTEM/usart.c **** #endif
 153:./SYSTEM/usart.c **** } 
 235              		.loc 1 153 0
 236 000e 08BD     		pop	{r3, pc}
 237              	.L16:
 129:./SYSTEM/usart.c **** 		
 238              		.loc 1 129 0
 239 0010 1648     		ldr	r0, .L18
 240 0012 FFF7FEFF 		bl	USART_ReceiveData
 241              	.LVL17:
 242 0016 C0B2     		uxtb	r0, r0
 243              	.LVL18:
 131:./SYSTEM/usart.c **** 		{
 244              		.loc 1 131 0
 245 0018 154B     		ldr	r3, .L18+4
 246 001a 1B88     		ldrh	r3, [r3]
 247 001c 13F4004F 		tst	r3, #32768
 248 0020 F5D1     		bne	.L10
 133:./SYSTEM/usart.c **** 			{
 249              		.loc 1 133 0
 250 0022 13F4804F 		tst	r3, #16384
ARM GAS  /tmp/ccI40LSM.s 			page 8


 251 0026 0CD0     		beq	.L12
 135:./SYSTEM/usart.c **** 				else USART_RX_STA|=0x8000;	//Êé•Êî∂ÂÆåÊàê‰∫Ü 
 252              		.loc 1 135 0
 253 0028 0A28     		cmp	r0, #10
 254 002a 03D0     		beq	.L13
 135:./SYSTEM/usart.c **** 				else USART_RX_STA|=0x8000;	//Êé•Êî∂ÂÆåÊàê‰∫Ü 
 255              		.loc 1 135 0 is_stmt 0 discriminator 1
 256 002c 104B     		ldr	r3, .L18+4
 257 002e 0022     		movs	r2, #0
 258 0030 1A80     		strh	r2, [r3]	@ movhi
 259 0032 ECE7     		b	.L10
 260              	.L13:
 136:./SYSTEM/usart.c **** 			}
 261              		.loc 1 136 0 is_stmt 1
 262 0034 6FEA4343 		mvn	r3, r3, lsl #17
 263 0038 6FEA5343 		mvn	r3, r3, lsr #17
 264 003c 0C4A     		ldr	r2, .L18+4
 265 003e 1380     		strh	r3, [r2]	@ movhi
 266 0040 E5E7     		b	.L10
 267              	.L12:
 140:./SYSTEM/usart.c **** 				else
 268              		.loc 1 140 0
 269 0042 0D28     		cmp	r0, #13
 270 0044 0DD0     		beq	.L17
 143:./SYSTEM/usart.c **** 					USART_RX_STA++;
 271              		.loc 1 143 0
 272 0046 C3F30D02 		ubfx	r2, r3, #0, #14
 273 004a 0A49     		ldr	r1, .L18+8
 274 004c 8854     		strb	r0, [r1, r2]
 144:./SYSTEM/usart.c **** 					if(USART_RX_STA>(USART_REC_LEN-1))USART_RX_STA=0;//Êé•Êî∂Êï∞ÊçÆÈîôËØØ,ÈáçÊñ∞ÂºÄÂßãÊé•Êî∂	  
 275              		.loc 1 144 0
 276 004e 0133     		adds	r3, r3, #1
 277 0050 9BB2     		uxth	r3, r3
 278 0052 074A     		ldr	r2, .L18+4
 279 0054 1380     		strh	r3, [r2]	@ movhi
 145:./SYSTEM/usart.c **** 				}		 
 280              		.loc 1 145 0
 281 0056 C72B     		cmp	r3, #199
 282 0058 D9D9     		bls	.L10
 145:./SYSTEM/usart.c **** 				}		 
 283              		.loc 1 145 0 is_stmt 0 discriminator 1
 284 005a 1346     		mov	r3, r2
 285 005c 0022     		movs	r2, #0
 286 005e 1A80     		strh	r2, [r3]	@ movhi
 287              		.loc 1 153 0 is_stmt 1 discriminator 1
 288 0060 D5E7     		b	.L10
 289              	.L17:
 140:./SYSTEM/usart.c **** 				else
 290              		.loc 1 140 0 discriminator 1
 291 0062 43F48043 		orr	r3, r3, #16384
 292 0066 024A     		ldr	r2, .L18+4
 293 0068 1380     		strh	r3, [r2]	@ movhi
 294 006a D0E7     		b	.L10
 295              	.L19:
 296              		.align	2
 297              	.L18:
 298 006c 00100140 		.word	1073811456
ARM GAS  /tmp/ccI40LSM.s 			page 9


 299 0070 00000000 		.word	.LANCHOR0
 300 0074 00000000 		.word	USART_RX_BUF
 301              		.cfi_endproc
 302              	.LFE118:
 304              		.global	USART_RX_STA
 305              		.comm	USART_RX_BUF,200,4
 306              		.comm	__stdout,104,4
 307              		.section	.bss.USART_RX_STA,"aw",%nobits
 308              		.align	1
 309              		.set	.LANCHOR0,. + 0
 312              	USART_RX_STA:
 313 0000 0000     		.space	2
 314              		.text
 315              	.Letext0:
 316              		.file 2 "/usr/arm-none-eabi/include/machine/_default_types.h"
 317              		.file 3 "/usr/arm-none-eabi/include/sys/_stdint.h"
 318              		.file 4 "build/lnInclude/core_cm4.h"
 319              		.file 5 "build/lnInclude/system_stm32f4xx.h"
 320              		.file 6 "build/lnInclude/stm32f4xx.h"
 321              		.file 7 "build/lnInclude/stm32f4xx_gpio.h"
 322              		.file 8 "build/lnInclude/stm32f4xx_usart.h"
 323              		.file 9 "build/lnInclude/misc.h"
 324              		.file 10 "/usr/arm-none-eabi/include/sys/lock.h"
 325              		.file 11 "/usr/arm-none-eabi/include/sys/_types.h"
 326              		.file 12 "/usr/lib/gcc/arm-none-eabi/7.3.1/include/stddef.h"
 327              		.file 13 "/usr/arm-none-eabi/include/sys/reent.h"
 328              		.file 14 "/usr/arm-none-eabi/include/stdio.h"
 329              		.file 15 "./SYSTEM/usart.h"
 330              		.file 16 "build/lnInclude/stm32f4xx_rcc.h"
ARM GAS  /tmp/ccI40LSM.s 			page 10


DEFINED SYMBOLS
                            *ABS*:0000000000000000 usart.c
     /tmp/ccI40LSM.s:18     .text._sys_exit:0000000000000000 $t
     /tmp/ccI40LSM.s:25     .text._sys_exit:0000000000000000 _sys_exit
     /tmp/ccI40LSM.s:41     .text.fputc:0000000000000000 $t
     /tmp/ccI40LSM.s:48     .text.fputc:0000000000000000 fputc
     /tmp/ccI40LSM.s:71     .text.fputc:0000000000000014 $d
     /tmp/ccI40LSM.s:76     .text.uart_init:0000000000000000 $t
     /tmp/ccI40LSM.s:83     .text.uart_init:0000000000000000 uart_init
     /tmp/ccI40LSM.s:205    .text.uart_init:00000000000000b4 $d
     /tmp/ccI40LSM.s:210    .text.USART1_IRQHandler:0000000000000000 $t
     /tmp/ccI40LSM.s:217    .text.USART1_IRQHandler:0000000000000000 USART1_IRQHandler
     /tmp/ccI40LSM.s:298    .text.USART1_IRQHandler:000000000000006c $d
                            *COM*:00000000000000c8 USART_RX_BUF
     /tmp/ccI40LSM.s:312    .bss.USART_RX_STA:0000000000000000 USART_RX_STA
                            *COM*:0000000000000068 __stdout
     /tmp/ccI40LSM.s:308    .bss.USART_RX_STA:0000000000000000 $d

UNDEFINED SYMBOLS
RCC_AHB1PeriphClockCmd
RCC_APB2PeriphClockCmd
GPIO_PinAFConfig
GPIO_Init
USART_Init
USART_Cmd
USART_ClearFlag
USART_ITConfig
NVIC_Init
USART_GetITStatus
USART_ReceiveData
